\BOOKMARK [0][-]{chapter*.1}{\376\377\000L\000i\000s\000t\000\040\000o\000f\000\040\000T\000a\000b\000l\000e\000s}{}% 1
\BOOKMARK [0][-]{chapter*.2}{\376\377\000L\000i\000s\000t\000\040\000o\000f\000\040\000F\000i\000g\000u\000r\000e\000s}{}% 2
\BOOKMARK [0][-]{chapter*.3}{\376\377\000I\000n\000t\000r\000o\000d\000u\000c\000t\000i\000o\000n}{}% 3
\BOOKMARK [1][-]{section.0.1}{\376\377\000R\000\040\000a\000n\000d\000\040\000R\000S\000t\000u\000d\000i\000o}{chapter*.3}% 4
\BOOKMARK [1][-]{section.0.2}{\376\377\000B\000a\000s\000i\000c\000\040\000P\000r\000o\000b\000a\000b\000i\000l\000i\000t\000y\000\040\000a\000n\000d\000\040\000S\000t\000a\000t\000i\000s\000t\000i\000c\000s\000\040\000w\000i\000t\000h\000\040\000R}{chapter*.3}% 5
\BOOKMARK [1][-]{section.0.3}{\376\377\000M\000a\000i\000n\000\040\000R\000e\000f\000e\000r\000e\000n\000c\000e\000s}{chapter*.3}% 6
\BOOKMARK [1][-]{section.0.4}{\376\377\000L\000i\000c\000e\000n\000s\000e}{chapter*.3}% 7
\BOOKMARK [-1][-]{part.1}{\376\377\000I\000\040\000F\000o\000u\000n\000d\000a\000t\000i\000o\000n}{}% 8
\BOOKMARK [0][-]{chapter*.5}{\376\377\000R\000M\000a\000r\000k\000d\000o\000w\000n}{part.1}% 9
\BOOKMARK [1][-]{section.0.5}{\376\377\000C\000r\000e\000a\000t\000e\000\040\000a\000n\000\040\000R\000\040\000M\000a\000r\000k\000d\000o\000w\000n\000\040\000f\000i\000l\000e\000\040\000i\000n\000\040\000R\000S\000t\000u\000d\000i\000o}{chapter*.5}% 10
\BOOKMARK [1][-]{section.0.6}{\376\377\000Y\000A\000M\000L\000\040\000M\000e\000t\000a\000d\000a\000t\000a}{chapter*.5}% 11
\BOOKMARK [1][-]{section.0.7}{\376\377\000T\000e\000x\000t}{chapter*.5}% 12
\BOOKMARK [1][-]{section.0.8}{\376\377\000C\000o\000d\000e\000\040\000C\000h\000u\000n\000k\000s}{chapter*.5}% 13
\BOOKMARK [1][-]{section.0.9}{\376\377\000R\000e\000n\000d\000e\000r\000\040\000O\000u\000t\000p\000u\000t}{chapter*.5}% 14
\BOOKMARK [1][-]{section.0.10}{\376\377\000A\000d\000d\000i\000t\000i\000o\000n\000\040\000I\000n\000f\000o\000r\000m\000a\000t\000i\000o\000n}{chapter*.5}% 15
\BOOKMARK [0][-]{chapter*.9}{\376\377\000G\000i\000t\000H\000u\000b}{part.1}% 16
\BOOKMARK [1][-]{section.0.11}{\376\377\000V\000e\000r\000s\000i\000o\000n\000\040\000C\000o\000n\000t\000r\000o\000l}{chapter*.9}% 17
\BOOKMARK [1][-]{section.0.12}{\376\377\000G\000i\000t\000\040\000a\000n\000d\000\040\000G\000i\000t\000H\000u\000b}{chapter*.9}% 18
\BOOKMARK [1][-]{section.0.13}{\376\377\000G\000i\000t\000H\000u\000b\000\040\000W\000o\000r\000k\000f\000l\000o\000w}{chapter*.9}% 19
\BOOKMARK [1][-]{section.0.14}{\376\377\000G\000i\000t\000H\000u\000b\000\040\000W\000o\000r\000k\000f\000l\000o\000w\000\040\000o\000n\000\040\000C\000o\000m\000m\000a\000n\000d\000\040\000L\000i\000n\000e\000\040\000/\000\040\000G\000i\000t\000\040\000B\000a\000s\000h}{chapter*.9}% 20
\BOOKMARK [1][-]{section.0.15}{\376\377\000I\000s\000s\000u\000e\000s}{chapter*.9}% 21
\BOOKMARK [1][-]{section.0.16}{\376\377\000S\000l\000a\000c\000k\000\040\000I\000n\000t\000e\000g\000r\000a\000t\000i\000o\000n}{chapter*.9}% 22
\BOOKMARK [1][-]{section.0.17}{\376\377\000A\000d\000d\000i\000t\000i\000o\000n\000a\000l\000\040\000R\000e\000f\000e\000r\000e\000n\000c\000e\000s}{chapter*.9}% 23
\BOOKMARK [-1][-]{part.2}{\376\377\000I\000I\000\040\000I\000n\000t\000r\000o\000d\000u\000c\000t\000i\000o\000n\000\040\000t\000o\000\040\000R}{}% 24
\BOOKMARK [0][-]{chapter*.10}{\376\377\000D\000a\000t\000a\000\040\000S\000t\000r\000u\000c\000t\000u\000r\000e\000s}{part.2}% 25
\BOOKMARK [1][-]{section.0.18}{\376\377\000V\000e\000c\000t\000o\000r\000s}{chapter*.10}% 26
\BOOKMARK [1][-]{section.0.19}{\376\377\000M\000a\000t\000r\000i\000c\000e\000s}{chapter*.10}% 27
\BOOKMARK [1][-]{section.0.20}{\376\377\000A\000r\000r\000a\000y}{chapter*.10}% 28
\BOOKMARK [1][-]{section.0.21}{\376\377\000L\000i\000s\000t}{chapter*.10}% 29
\BOOKMARK [1][-]{section.0.22}{\376\377\000D\000a\000t\000a\000f\000r\000a\000m\000e}{chapter*.10}% 30
\BOOKMARK [0][-]{chapter*.14}{\376\377\000C\000o\000n\000t\000r\000o\000l\000\040\000S\000t\000r\000u\000c\000t\000u\000r\000e\000s}{part.2}% 31
\BOOKMARK [1][-]{section.0.23}{\376\377\000I\000n\000t\000r\000o\000d\000u\000c\000t\000i\000o\000n}{chapter*.14}% 32
\BOOKMARK [1][-]{section.0.24}{\376\377\000S\000e\000l\000e\000c\000t\000i\000o\000n\000\040\000c\000o\000n\000t\000r\000o\000l\000\040\000s\000t\000a\000t\000e\000m\000e\000n\000t\000s}{chapter*.14}% 33
\BOOKMARK [1][-]{section.0.25}{\376\377\000E\000x\000a\000m\000p\000l\000e\000:\000\040\000T\000h\000e\000\040\000B\000o\000o\000t\000s\000t\000r\000a\000p}{chapter*.14}% 34
\BOOKMARK [1][-]{section.0.26}{\376\377\000E\000x\000a\000m\000p\000l\000e\000:\000\040\000R\000a\000n\000d\000o\000m\000\040\000W\000a\000l\000k}{chapter*.14}% 35
\BOOKMARK [1][-]{section.0.27}{\376\377\000E\000x\000a\000m\000p\000l\000e\000:\000\040\000M\000o\000n\000t\000e\000-\000C\000a\000r\000l\000o\000\040\000I\000n\000t\000e\000g\000r\000a\000t\000i\000o\000n}{chapter*.14}% 36
\BOOKMARK [0][-]{chapter*.15}{\376\377\000F\000u\000n\000c\000t\000i\000o\000n\000s}{part.2}% 37
\BOOKMARK [1][-]{section.0.28}{\376\377\000R\000\040\000f\000u\000n\000c\000t\000i\000o\000n\000s}{chapter*.15}% 38
\BOOKMARK [1][-]{section.0.29}{\376\377\000C\000r\000e\000a\000t\000i\000n\000g\000\040\000f\000u\000n\000c\000t\000i\000o\000n\000s\000\040\000i\000n\000\040\000R}{chapter*.15}% 39
\BOOKMARK [1][-]{section.0.30}{\376\377\000F\000u\000n\000c\000t\000i\000o\000n\000\040\000e\000n\000v\000i\000r\000o\000n\000m\000e\000n\000t}{chapter*.15}% 40
\BOOKMARK [1][-]{section.0.31}{\376\377\000E\000x\000a\000m\000p\000l\000e\000\040\000\050\000c\000o\000n\000t\000i\000n\000u\000e\000d\000\051\000:\000\040\000L\000e\000a\000s\000t\000-\000s\000q\000u\000a\000r\000e\000s\000\040\000f\000u\000n\000c\000t\000i\000o\000n}{chapter*.15}% 41
\BOOKMARK [-1][-]{part.3}{\376\377\000I\000I\000I\000\040\000E\000x\000t\000e\000n\000d\000i\000n\000g}{}% 42
\BOOKMARK [0][-]{chapter*.16}{\376\377\000S\000h\000i\000n\000y\000\040\000W\000e\000b\000\040\000A\000p\000p\000l\000i\000c\000a\000t\000i\000o\000n\000s}{part.3}% 43
\BOOKMARK [1][-]{section.0.32}{\376\377\000I\000n\000t\000r\000o\000d\000u\000c\000t\000i\000o\000n}{chapter*.16}% 44
\BOOKMARK [1][-]{section.0.33}{\376\377\000S\000t\000e\000p\000\040\0001\000.\000\040\000D\000e\000f\000i\000n\000i\000n\000g\000\040\000t\000h\000e\000\040\000R\000\040\000C\000o\000d\000e\000\040\000i\000n\000\040\000t\000h\000e\000\040\000b\000a\000c\000k\000e\000n\000d\000\040\000o\000f\000\040\000t\000h\000e\000\040\000S\000h\000i\000n\000y\000\040\000a\000p\000p}{chapter*.16}% 45
\BOOKMARK [1][-]{section.0.34}{\376\377\000S\000t\000e\000p\000\040\0002\000:\000\040\000U\000s\000e\000r\000\040\000I\000n\000t\000e\000r\000f\000a\000c\000e\000\040\000\050\000U\000I\000\051\000\040\000/\000\040\000F\000r\000o\000n\000t\000e\000n\000d}{chapter*.16}% 46
\BOOKMARK [1][-]{section.0.35}{\376\377\000S\000t\000e\000p\000\040\0003\000:\000\040\000I\000m\000p\000l\000e\000m\000e\000n\000t\000i\000n\000g\000\040\000t\000h\000e\000\040\000b\000a\000c\000k\000e\000n\000d\000\040\000\050\000s\000e\000r\000v\000e\000r\000\051}{chapter*.16}% 47
\BOOKMARK [1][-]{section.0.36}{\376\377\000S\000t\000e\000p\000\040\0004\000:\000\040\000C\000o\000n\000n\000e\000c\000t\000i\000n\000g\000\040\000f\000r\000o\000n\000t\000e\000n\000d\000\040\000a\000n\000d\000\040\000b\000a\000c\000k\000e\000n\000d}{chapter*.16}% 48
\BOOKMARK [1][-]{section.0.37}{\376\377\000S\000t\000e\000p\000\040\0005\000:\000\040\000C\000u\000s\000t\000o\000m\000i\000z\000e}{chapter*.16}% 49
\BOOKMARK [1][-]{section.0.38}{\376\377\000E\000x\000a\000m\000p\000l\000e\000:\000\040\000M\000o\000n\000t\000e\000-\000C\000a\000r\000l\000o\000\040\000I\000n\000t\000e\000g\000r\000a\000t\000i\000o\000n}{chapter*.16}% 50
\BOOKMARK [1][-]{section.0.39}{\376\377\000E\000x\000a\000m\000p\000l\000e\000:\000\040\000B\000u\000f\000f\000o\000n\000'\000s\000\040\000n\000e\000e\000d\000l\000e}{chapter*.16}% 51
\BOOKMARK [0][-]{chapter*.20}{\376\377\000R\000\040\000P\000a\000c\000k\000a\000g\000e\000s}{part.3}% 52
\BOOKMARK [1][-]{section.0.40}{\376\377\000B\000a\000s\000i\000c\000\040\000s\000t\000e\000p\000s}{chapter*.20}% 53
\BOOKMARK [1][-]{section.0.41}{\376\377\000A\000d\000v\000a\000n\000c\000e\000d}{chapter*.20}% 54
\BOOKMARK [0][-]{chapter*.24}{\376\377\000H\000i\000g\000h\000\040\000p\000e\000r\000f\000o\000r\000m\000a\000n\000c\000e\000\040\000c\000o\000m\000p\000u\000t\000i\000n\000g}{part.3}% 55
\BOOKMARK [0][-]{chapter*.25}{\376\377\000W\000e\000b\000s\000i\000t\000e\000\040\000c\000r\000e\000a\000t\000i\000o\000n}{part.3}% 56
\BOOKMARK [0][-]{chapter*.25}{\376\377\000A\000p\000p\000e\000n\000d\000i\000x}{part.3}% 57
\BOOKMARK [0][-]{appendix*.26}{\376\377\000B\000a\000s\000i\000c\000\040\000P\000r\000o\000b\000a\000b\000i\000l\000i\000t\000y\000\040\000a\000n\000d\000\040\000S\000t\000a\000t\000i\000s\000t\000i\000c\000s\000\040\000w\000i\000t\000h\000\040\000R}{part.3}% 58
